<?xml version="1.0" encoding="UTF-8"?>
<!-- Generated by org.testng.reporters.JUnitXMLReporter -->
<testsuite ignored="0" hostname="AnuRag" failures="1" tests="6" name="Test" time="91.698" errors="0" timestamp="2022-09-30T11:34:52 IST">
  <testcase classname="Practice.Success.LoginPageTest" name="loginPageTitleTest" time="0.058">
    <failure type="java.lang.AssertionError" message="expected [CRMPR - CRM software for customer relationship management, sales, and support.] but found [CRMPRO - CRM software for customer relationship management, sales, and support.]">
      <![CDATA[java.lang.AssertionError: expected [CRMPR - CRM software for customer relationship management, sales, and support.] but found [CRMPRO - CRM software for customer relationship management, sales, and support.]
at Practice.Success.LoginPageTest.loginPageTitleTest(LoginPageTest.java:35)
at java.base/java.util.ArrayList.forEach(ArrayList.java:1541)
... Removed 33 stack frames]]>
    </failure>
  </testcase> <!-- loginPageTitleTest -->
  <testcase classname="Practice.Success.LoginPageTest" name="validateImageTest" time="0.163"/>
  <testcase classname="Practice.Success.LoginPageTest" name="LoginTest" time="9.137"/>
  <testcase classname="Practice.Success.LandingPageTest" name="validateHomeButtonLink" time="0.095"/>
  <testcase classname="Practice.Success.LandingPageTest" name="getNoOfRows" time="0.099"/>
  <testcase classname="Practice.Success.LandingPageTest" name="getNoOfColumns" time="0.098"/>
</testsuite> <!-- Test -->
